<?xml version="1.0" encoding="UTF-8"?>
<testng-results ignored="0" total="2" passed="1" failed="1" skipped="0">
  <reporter-output>
  </reporter-output>
  <suite started-at="2025-02-24T18:24:23 IST" name="suite" finished-at="2025-02-24T18:25:10 IST" duration-ms="47220">
    <groups>
      <group name="functional">
        <method signature="TestClass_012.TestDemo()[pri:2, instance:com.CrossBrowser.TestClass_012@8c3b9d]" name="TestDemo" class="com.CrossBrowser.TestClass_012"/>
      </group> <!-- functional -->
      <group name="Regreesion">
        <method signature="TestClass_012.TestFacebook()[pri:1, instance:com.CrossBrowser.TestClass_012@3f56875e]" name="TestFacebook" class="com.CrossBrowser.TestClass_012"/>
      </group> <!-- Regreesion -->
      <group name="smoke">
        <method signature="TestClass_012.TestDemo()[pri:2, instance:com.CrossBrowser.TestClass_012@8c3b9d]" name="TestDemo" class="com.CrossBrowser.TestClass_012"/>
      </group> <!-- smoke -->
      <group name="sanity">
        <method signature="TestClass_012.TestFacebook()[pri:1, instance:com.CrossBrowser.TestClass_012@3f56875e]" name="TestFacebook" class="com.CrossBrowser.TestClass_012"/>
      </group> <!-- sanity -->
    </groups>
    <test started-at="2025-02-24T18:24:23 IST" name="TestDemo" finished-at="2025-02-24T18:24:41 IST" duration-ms="17854">
      <class name="com.CrossBrowser.TestClass_012">
        <test-method is-config="true" signature="setup(org.testng.ITestContext,java.lang.String)[pri:0, instance:com.CrossBrowser.TestClass_012@8c3b9d]" started-at="2025-02-24T18:24:23 IST" name="setup" finished-at="2025-02-24T18:24:32 IST" duration-ms="9364" status="PASS">
          <params>
            <param index="0">
              <value>
                <![CDATA[org.testng.TestRunner@74170687]]>
              </value>
            </param>
            <param index="1">
              <value>
                <![CDATA[chrome]]>
              </value>
            </param>
          </params>
          <reporter-output>
          </reporter-output>
        </test-method> <!-- setup -->
        <test-method signature="TestDemo()[pri:2, instance:com.CrossBrowser.TestClass_012@8c3b9d]" started-at="2025-02-24T18:24:33 IST" name="TestDemo" finished-at="2025-02-24T18:24:40 IST" duration-ms="7169" status="PASS">
          <reporter-output>
          </reporter-output>
        </test-method> <!-- TestDemo -->
        <test-method is-config="true" signature="checkStatus(java.lang.reflect.Method,org.testng.ITestResult)[pri:0, instance:com.CrossBrowser.TestClass_012@8c3b9d]" started-at="2025-02-24T18:24:40 IST" name="checkStatus" finished-at="2025-02-24T18:24:40 IST" duration-ms="40" status="PASS">
          <params>
            <param index="0">
              <value>
                <![CDATA[public void com.CrossBrowser.TestClass_012.TestDemo() throws java.io.IOException]]>
              </value>
            </param>
            <param index="1">
              <value>
                <![CDATA[[TestResult name=TestDemo status=SUCCESS method=TestClass_012.TestDemo()[pri:2, instance:com.CrossBrowser.TestClass_012@8c3b9d] output={null}]]]>
              </value>
            </param>
          </params>
          <reporter-output>
          </reporter-output>
        </test-method> <!-- checkStatus -->
        <test-method is-config="true" signature="teardown()[pri:0, instance:com.CrossBrowser.TestClass_012@8c3b9d]" started-at="2025-02-24T18:24:40 IST" name="teardown" finished-at="2025-02-24T18:24:41 IST" duration-ms="989" status="PASS">
          <reporter-output>
          </reporter-output>
        </test-method> <!-- teardown -->
      </class> <!-- com.CrossBrowser.TestClass_012 -->
    </test> <!-- TestDemo -->
    <test started-at="2025-02-24T18:24:41 IST" name="TestFacebook" finished-at="2025-02-24T18:25:10 IST" duration-ms="29291">
      <class name="com.CrossBrowser.TestClass_012">
        <test-method is-config="true" signature="initialiseExtentReports()[pri:0, instance:com.CrossBrowser.TestClass_012@3f56875e]" started-at="2025-02-24T18:24:21 IST" name="initialiseExtentReports" finished-at="2025-02-24T18:24:23 IST" duration-ms="1663" status="PASS">
          <reporter-output>
          </reporter-output>
        </test-method> <!-- initialiseExtentReports -->
        <test-method is-config="true" signature="setup(org.testng.ITestContext,java.lang.String)[pri:0, instance:com.CrossBrowser.TestClass_012@3f56875e]" started-at="2025-02-24T18:24:41 IST" name="setup" finished-at="2025-02-24T18:24:45 IST" duration-ms="3925" status="PASS">
          <params>
            <param index="0">
              <value>
                <![CDATA[org.testng.TestRunner@68f0f72c]]>
              </value>
            </param>
            <param index="1">
              <value>
                <![CDATA[chrome]]>
              </value>
            </param>
          </params>
          <reporter-output>
          </reporter-output>
        </test-method> <!-- setup -->
        <test-method signature="TestFacebook()[pri:1, instance:com.CrossBrowser.TestClass_012@3f56875e]" started-at="2025-02-24T18:24:45 IST" name="TestFacebook" finished-at="2025-02-24T18:24:53 IST" duration-ms="7991" status="FAIL">
          <exception class="org.openqa.selenium.NoSuchElementException">
            <message>
              <![CDATA[no such element: Unable to locate element: {"method":"css selector","selector":"#email"}
  (Session info: chrome=133.0.6943.127)
For documentation on this error, please visit: https://www.selenium.dev/documentation/webdriver/troubleshooting/errors#no-such-element-exception
Build info: version: '4.28.1', revision: '73f5ad48a2'
System info: os.name: 'Windows 10', os.arch: 'amd64', os.version: '10.0', java.version: '23'
Driver info: org.openqa.selenium.chrome.ChromeDriver
Command: [ab5aee2476f458f4cbd63e5e464e03fd, findElement {value=email, using=id}]
Capabilities {acceptInsecureCerts: false, browserName: chrome, browserVersion: 133.0.6943.127, chrome: {chromedriverVersion: 133.0.6943.126 (cffa127ce7b..., userDataDir: C:\Users\user\AppData\Local...}, fedcm:accounts: true, goog:chromeOptions: {debuggerAddress: localhost:61296}, networkConnectionEnabled: false, pageLoadStrategy: normal, platformName: windows, proxy: Proxy(), se:cdp: ws://localhost:61296/devtoo..., se:cdpVersion: 133.0.6943.127, setWindowRect: true, strictFileInteractability: false, timeouts: {implicit: 0, pageLoad: 300000, script: 30000}, unhandledPromptBehavior: dismiss and notify, webauthn:extension:credBlob: true, webauthn:extension:largeBlob: true, webauthn:extension:minPinLength: true, webauthn:extension:prf: true, webauthn:virtualAuthenticators: true}
Session ID: ab5aee2476f458f4cbd63e5e464e03fd]]>
            </message>
            <full-stacktrace>
              <![CDATA[org.openqa.selenium.NoSuchElementException: no such element: Unable to locate element: {"method":"css selector","selector":"#email"}
  (Session info: chrome=133.0.6943.127)
For documentation on this error, please visit: https://www.selenium.dev/documentation/webdriver/troubleshooting/errors#no-such-element-exception
Build info: version: '4.28.1', revision: '73f5ad48a2'
System info: os.name: 'Windows 10', os.arch: 'amd64', os.version: '10.0', java.version: '23'
Driver info: org.openqa.selenium.chrome.ChromeDriver
Command: [ab5aee2476f458f4cbd63e5e464e03fd, findElement {value=email, using=id}]
Capabilities {acceptInsecureCerts: false, browserName: chrome, browserVersion: 133.0.6943.127, chrome: {chromedriverVersion: 133.0.6943.126 (cffa127ce7b..., userDataDir: C:\Users\user\AppData\Local...}, fedcm:accounts: true, goog:chromeOptions: {debuggerAddress: localhost:61296}, networkConnectionEnabled: false, pageLoadStrategy: normal, platformName: windows, proxy: Proxy(), se:cdp: ws://localhost:61296/devtoo..., se:cdpVersion: 133.0.6943.127, setWindowRect: true, strictFileInteractability: false, timeouts: {implicit: 0, pageLoad: 300000, script: 30000}, unhandledPromptBehavior: dismiss and notify, webauthn:extension:credBlob: true, webauthn:extension:largeBlob: true, webauthn:extension:minPinLength: true, webauthn:extension:prf: true, webauthn:virtualAuthenticators: true}
Session ID: ab5aee2476f458f4cbd63e5e464e03fd
at java.base/jdk.internal.reflect.DirectConstructorHandleAccessor.newInstance(DirectConstructorHandleAccessor.java:62)
at java.base/java.lang.reflect.Constructor.newInstanceWithCaller(Constructor.java:501)
at java.base/java.lang.reflect.Constructor.newInstance(Constructor.java:485)
at org.openqa.selenium.remote.ErrorCodec.decode(ErrorCodec.java:167)
at org.openqa.selenium.remote.codec.w3c.W3CHttpResponseCodec.decode(W3CHttpResponseCodec.java:138)
at org.openqa.selenium.remote.codec.w3c.W3CHttpResponseCodec.decode(W3CHttpResponseCodec.java:50)
at org.openqa.selenium.remote.HttpCommandExecutor.execute(HttpCommandExecutor.java:215)
at org.openqa.selenium.remote.service.DriverCommandExecutor.invokeExecute(DriverCommandExecutor.java:216)
at org.openqa.selenium.remote.service.DriverCommandExecutor.execute(DriverCommandExecutor.java:174)
at org.openqa.selenium.remote.RemoteWebDriver.execute(RemoteWebDriver.java:545)
at org.openqa.selenium.remote.ElementLocation$ElementFinder$2.findElement(ElementLocation.java:165)
at org.openqa.selenium.remote.ElementLocation.findElement(ElementLocation.java:66)
at org.openqa.selenium.remote.RemoteWebDriver.findElement(RemoteWebDriver.java:368)
at org.openqa.selenium.remote.RemoteWebDriver.findElement(RemoteWebDriver.java:362)
at com.CrossBrowser.TestClass_012.TestFacebook(TestClass_012.java:35)
at java.base/jdk.internal.reflect.DirectMethodHandleAccessor.invoke(DirectMethodHandleAccessor.java:103)
at java.base/java.lang.reflect.Method.invoke(Method.java:580)
at org.testng.internal.invokers.MethodInvocationHelper.invokeMethod(MethodInvocationHelper.java:141)
at org.testng.internal.invokers.TestInvoker.invokeMethod(TestInvoker.java:686)
at org.testng.internal.invokers.TestInvoker.invokeTestMethod(TestInvoker.java:230)
at org.testng.internal.invokers.MethodRunner.runInSequence(MethodRunner.java:63)
at org.testng.internal.invokers.TestInvoker$MethodInvocationAgent.invoke(TestInvoker.java:992)
at org.testng.internal.invokers.TestInvoker.invokeTestMethods(TestInvoker.java:203)
at org.testng.internal.invokers.TestMethodWorker.invokeTestMethods(TestMethodWorker.java:154)
at org.testng.internal.invokers.TestMethodWorker.run(TestMethodWorker.java:134)
at java.base/java.util.ArrayList.forEach(ArrayList.java:1597)
at org.testng.TestRunner.privateRun(TestRunner.java:739)
at org.testng.TestRunner.run(TestRunner.java:614)
at org.testng.SuiteRunner.runTest(SuiteRunner.java:421)
at org.testng.SuiteRunner.runSequentially(SuiteRunner.java:413)
at org.testng.SuiteRunner.privateRun(SuiteRunner.java:373)
at org.testng.SuiteRunner.run(SuiteRunner.java:312)
at org.testng.SuiteRunnerWorker.runSuite(SuiteRunnerWorker.java:52)
at org.testng.SuiteRunnerWorker.run(SuiteRunnerWorker.java:95)
at org.testng.TestNG.runSuitesSequentially(TestNG.java:1274)
at org.testng.TestNG.runSuitesLocally(TestNG.java:1208)
at org.testng.TestNG.runSuites(TestNG.java:1112)
at org.testng.TestNG.run(TestNG.java:1079)
at org.testng.remote.AbstractRemoteTestNG.run(AbstractRemoteTestNG.java:115)
at org.testng.remote.RemoteTestNG.initAndRun(RemoteTestNG.java:293)
at org.testng.remote.RemoteTestNG.main(RemoteTestNG.java:91)
]]>
            </full-stacktrace>
          </exception> <!-- org.openqa.selenium.NoSuchElementException -->
          <reporter-output>
          </reporter-output>
        </test-method> <!-- TestFacebook -->
        <test-method is-config="true" signature="checkStatus(java.lang.reflect.Method,org.testng.ITestResult)[pri:0, instance:com.CrossBrowser.TestClass_012@3f56875e]" started-at="2025-02-24T18:24:53 IST" name="checkStatus" finished-at="2025-02-24T18:25:09 IST" duration-ms="15680" status="PASS">
          <params>
            <param index="0">
              <value>
                <![CDATA[public void com.CrossBrowser.TestClass_012.TestFacebook() throws java.lang.Exception]]>
              </value>
            </param>
            <param index="1">
              <value>
                <![CDATA[[TestResult name=TestFacebook status=FAILURE method=TestClass_012.TestFacebook()[pri:1, instance:com.CrossBrowser.TestClass_012@3f56875e] output={null}]]]>
              </value>
            </param>
          </params>
          <reporter-output>
          </reporter-output>
        </test-method> <!-- checkStatus -->
        <test-method is-config="true" signature="teardown()[pri:0, instance:com.CrossBrowser.TestClass_012@3f56875e]" started-at="2025-02-24T18:25:09 IST" name="teardown" finished-at="2025-02-24T18:25:10 IST" duration-ms="1549" status="PASS">
          <reporter-output>
          </reporter-output>
        </test-method> <!-- teardown -->
        <test-method is-config="true" signature="generateExtentReports()[pri:0, instance:com.CrossBrowser.TestClass_012@3f56875e]" started-at="2025-02-24T18:25:10 IST" name="generateExtentReports" finished-at="2025-02-24T18:25:20 IST" duration-ms="9378" status="PASS">
          <reporter-output>
          </reporter-output>
        </test-method> <!-- generateExtentReports -->
      </class> <!-- com.CrossBrowser.TestClass_012 -->
    </test> <!-- TestFacebook -->
  </suite> <!-- suite -->
</testng-results>
